b
MATCH!
MATCH LOOP: ب
b e
e
MATCH!
MATCH LOOP: ب_DROP_
MATCH LOOP: با
MATCH LOOP: بة
MATCH LOOP: به
e z
z
MATCH!
MATCH LOOP: ب_DROP_ذ
MATCH LOOP: ب_DROP_ز
MATCH LOOP: ب_DROP_ظ
z z
z
MATCH!
MATCH LOOP: باذ
MATCH LOOP: باز
MATCH LOOP: باظ
z z
z
MATCH!
MATCH LOOP: بةذ
MATCH LOOP: بةز
MATCH LOOP: بةظ
z z
z
MATCH!
MATCH LOOP: بهذ
MATCH LOOP: بهز
MATCH LOOP: بهظ
z z
z
MATCH!
MATCH LOOP: ب_DROP_ذذ
MATCH LOOP: ب_DROP_ذز
MATCH LOOP: ب_DROP_ذظ
z a
z
MATCH!
MATCH LOOP: ب_DROP_زذ
MATCH LOOP: ب_DROP_زز
MATCH LOOP: ب_DROP_زظ
z a
z
MATCH!
MATCH LOOP: ب_DROP_ظذ
MATCH LOOP: ب_DROP_ظز
MATCH LOOP: ب_DROP_ظظ
z a
z
MATCH!
MATCH LOOP: باذذ
MATCH LOOP: باذز
MATCH LOOP: باذظ
z a
z
MATCH!
MATCH LOOP: بازذ
MATCH LOOP: بازز
MATCH LOOP: بازظ
z a
z
MATCH!
MATCH LOOP: باظذ
MATCH LOOP: باظز
MATCH LOOP: باظظ
z a
z
MATCH!
MATCH LOOP: بةذذ
MATCH LOOP: بةذز
MATCH LOOP: بةذظ
z a
z
MATCH!
MATCH LOOP: بةزذ
MATCH LOOP: بةزز
MATCH LOOP: بةزظ
z a
z
MATCH!
MATCH LOOP: بةظذ
MATCH LOOP: بةظز
MATCH LOOP: بةظظ
z a
z
MATCH!
MATCH LOOP: بهذذ
MATCH LOOP: بهذز
MATCH LOOP: بهذظ
z a
z
MATCH!
MATCH LOOP: بهزذ
MATCH LOOP: بهزز
MATCH LOOP: بهزظ
z a
z
MATCH!
MATCH LOOP: بهظذ
MATCH LOOP: بهظز
MATCH LOOP: بهظظ
z a
a
MATCH!
MATCH LOOP: ب_DROP_ذذ_DROP_
MATCH LOOP: ب_DROP_ذذا
MATCH LOOP: ب_DROP_ذذة
MATCH LOOP: ب_DROP_ذذه
MATCH LOOP: ب_DROP_ذذى
MATCH LOOP: ب_DROP_ذذي
a f
a
MATCH!
MATCH LOOP: ب_DROP_ذز_DROP_
MATCH LOOP: ب_DROP_ذزا
MATCH LOOP: ب_DROP_ذزة
MATCH LOOP: ب_DROP_ذزه
MATCH LOOP: ب_DROP_ذزى
MATCH LOOP: ب_DROP_ذزي
a f
a
MATCH!
MATCH LOOP: ب_DROP_ذظ_DROP_
MATCH LOOP: ب_DROP_ذظا
MATCH LOOP: ب_DROP_ذظة
MATCH LOOP: ب_DROP_ذظه
MATCH LOOP: ب_DROP_ذظى
MATCH LOOP: ب_DROP_ذظي
a f
a
MATCH!
MATCH LOOP: ب_DROP_زذ_DROP_
MATCH LOOP: ب_DROP_زذا
MATCH LOOP: ب_DROP_زذة
MATCH LOOP: ب_DROP_زذه
MATCH LOOP: ب_DROP_زذى
MATCH LOOP: ب_DROP_زذي
a f
a
MATCH!
MATCH LOOP: ب_DROP_زز_DROP_
MATCH LOOP: ب_DROP_ززا
MATCH LOOP: ب_DROP_ززة
MATCH LOOP: ب_DROP_ززه
MATCH LOOP: ب_DROP_ززى
MATCH LOOP: ب_DROP_ززي
a f
a
MATCH!
MATCH LOOP: ب_DROP_زظ_DROP_
MATCH LOOP: ب_DROP_زظا
MATCH LOOP: ب_DROP_زظة
MATCH LOOP: ب_DROP_زظه
MATCH LOOP: ب_DROP_زظى
MATCH LOOP: ب_DROP_زظي
a f
a
MATCH!
MATCH LOOP: ب_DROP_ظذ_DROP_
MATCH LOOP: ب_DROP_ظذا
MATCH LOOP: ب_DROP_ظذة
MATCH LOOP: ب_DROP_ظذه
MATCH LOOP: ب_DROP_ظذى
MATCH LOOP: ب_DROP_ظذي
a f
a
MATCH!
MATCH LOOP: ب_DROP_ظز_DROP_
MATCH LOOP: ب_DROP_ظزا
MATCH LOOP: ب_DROP_ظزة
MATCH LOOP: ب_DROP_ظزه
MATCH LOOP: ب_DROP_ظزى
MATCH LOOP: ب_DROP_ظزي
a f
a
MATCH!
MATCH LOOP: ب_DROP_ظظ_DROP_
MATCH LOOP: ب_DROP_ظظا
MATCH LOOP: ب_DROP_ظظة
MATCH LOOP: ب_DROP_ظظه
MATCH LOOP: ب_DROP_ظظى
MATCH LOOP: ب_DROP_ظظي
a f
a
MATCH!
MATCH LOOP: باذذ_DROP_
MATCH LOOP: باذذا
MATCH LOOP: باذذة
MATCH LOOP: باذذه
MATCH LOOP: باذذى
MATCH LOOP: باذذي
a f
a
MATCH!
MATCH LOOP: باذز_DROP_
MATCH LOOP: باذزا
MATCH LOOP: باذزة
MATCH LOOP: باذزه
MATCH LOOP: باذزى
MATCH LOOP: باذزي
a f
a
MATCH!
MATCH LOOP: باذظ_DROP_
MATCH LOOP: باذظا
MATCH LOOP: باذظة
MATCH LOOP: باذظه
MATCH LOOP: باذظى
MATCH LOOP: باذظي
a f
a
MATCH!
MATCH LOOP: بازذ_DROP_
MATCH LOOP: بازذا
MATCH LOOP: بازذة
MATCH LOOP: بازذه
MATCH LOOP: بازذى
MATCH LOOP: بازذي
a f
a
MATCH!
MATCH LOOP: بازز_DROP_
MATCH LOOP: باززا
MATCH LOOP: باززة
MATCH LOOP: باززه
MATCH LOOP: باززى
MATCH LOOP: باززي
a f
a
MATCH!
MATCH LOOP: بازظ_DROP_
MATCH LOOP: بازظا
MATCH LOOP: بازظة
MATCH LOOP: بازظه
MATCH LOOP: بازظى
MATCH LOOP: بازظي
a f
a
MATCH!
MATCH LOOP: باظذ_DROP_
MATCH LOOP: باظذا
MATCH LOOP: باظذة
MATCH LOOP: باظذه
MATCH LOOP: باظذى
MATCH LOOP: باظذي
a f
a
MATCH!
MATCH LOOP: باظز_DROP_
MATCH LOOP: باظزا
MATCH LOOP: باظزة
MATCH LOOP: باظزه
MATCH LOOP: باظزى
MATCH LOOP: باظزي
a f
a
MATCH!
MATCH LOOP: باظظ_DROP_
MATCH LOOP: باظظا
MATCH LOOP: باظظة
MATCH LOOP: باظظه
MATCH LOOP: باظظى
MATCH LOOP: باظظي
a f
a
MATCH!
MATCH LOOP: بةذذ_DROP_
MATCH LOOP: بةذذا
MATCH LOOP: بةذذة
MATCH LOOP: بةذذه
MATCH LOOP: بةذذى
MATCH LOOP: بةذذي
a f
a
MATCH!
MATCH LOOP: بةذز_DROP_
MATCH LOOP: بةذزا
MATCH LOOP: بةذزة
MATCH LOOP: بةذزه
MATCH LOOP: بةذزى
MATCH LOOP: بةذزي
a f
a
MATCH!
MATCH LOOP: بةذظ_DROP_
MATCH LOOP: بةذظا
MATCH LOOP: بةذظة
MATCH LOOP: بةذظه
MATCH LOOP: بةذظى
MATCH LOOP: بةذظي
a f
a
MATCH!
MATCH LOOP: بةزذ_DROP_
MATCH LOOP: بةزذا
MATCH LOOP: بةزذة
MATCH LOOP: بةزذه
MATCH LOOP: بةزذى
MATCH LOOP: بةزذي
a f
a
MATCH!
MATCH LOOP: بةزز_DROP_
MATCH LOOP: بةززا
MATCH LOOP: بةززة
MATCH LOOP: بةززه
MATCH LOOP: بةززى
MATCH LOOP: بةززي
a f
a
MATCH!
MATCH LOOP: بةزظ_DROP_
MATCH LOOP: بةزظا
MATCH LOOP: بةزظة
MATCH LOOP: بةزظه
MATCH LOOP: بةزظى
MATCH LOOP: بةزظي
a f
a
MATCH!
MATCH LOOP: بةظذ_DROP_
MATCH LOOP: بةظذا
MATCH LOOP: بةظذة
MATCH LOOP: بةظذه
MATCH LOOP: بةظذى
MATCH LOOP: بةظذي
a f
a
MATCH!
MATCH LOOP: بةظز_DROP_
MATCH LOOP: بةظزا
MATCH LOOP: بةظزة
MATCH LOOP: بةظزه
MATCH LOOP: بةظزى
MATCH LOOP: بةظزي
a f
a
MATCH!
MATCH LOOP: بةظظ_DROP_
MATCH LOOP: بةظظا
MATCH LOOP: بةظظة
MATCH LOOP: بةظظه
MATCH LOOP: بةظظى
MATCH LOOP: بةظظي
a f
a
MATCH!
MATCH LOOP: بهذذ_DROP_
MATCH LOOP: بهذذا
MATCH LOOP: بهذذة
MATCH LOOP: بهذذه
MATCH LOOP: بهذذى
MATCH LOOP: بهذذي
a f
a
MATCH!
MATCH LOOP: بهذز_DROP_
MATCH LOOP: بهذزا
MATCH LOOP: بهذزة
MATCH LOOP: بهذزه
MATCH LOOP: بهذزى
MATCH LOOP: بهذزي
a f
a
MATCH!
MATCH LOOP: بهذظ_DROP_
MATCH LOOP: بهذظا
MATCH LOOP: بهذظة
MATCH LOOP: بهذظه
MATCH LOOP: بهذظى
MATCH LOOP: بهذظي
a f
a
MATCH!
MATCH LOOP: بهزذ_DROP_
MATCH LOOP: بهزذا
MATCH LOOP: بهزذة
MATCH LOOP: بهزذه
MATCH LOOP: بهزذى
MATCH LOOP: بهزذي
a f
a
MATCH!
MATCH LOOP: بهزز_DROP_
MATCH LOOP: بهززا
MATCH LOOP: بهززة
MATCH LOOP: بهززه
MATCH LOOP: بهززى
MATCH LOOP: بهززي
a f
a
MATCH!
MATCH LOOP: بهزظ_DROP_
MATCH LOOP: بهزظا
MATCH LOOP: بهزظة
MATCH LOOP: بهزظه
MATCH LOOP: بهزظى
MATCH LOOP: بهزظي
a f
a
MATCH!
MATCH LOOP: بهظذ_DROP_
MATCH LOOP: بهظذا
MATCH LOOP: بهظذة
MATCH LOOP: بهظذه
MATCH LOOP: بهظذى
MATCH LOOP: بهظذي
a f
a
MATCH!
MATCH LOOP: بهظز_DROP_
MATCH LOOP: بهظزا
MATCH LOOP: بهظزة
MATCH LOOP: بهظزه
MATCH LOOP: بهظزى
MATCH LOOP: بهظزي
a f
a
MATCH!
MATCH LOOP: بهظظ_DROP_
MATCH LOOP: بهظظا
MATCH LOOP: بهظظة
MATCH LOOP: بهظظه
MATCH LOOP: بهظظى
MATCH LOOP: بهظظي
a f
f
MATCH!
MATCH LOOP: ب_DROP_ذذ_DROP_ف
f
MATCH!
MATCH LOOP: ب_DROP_ذذاف
f
MATCH!
MATCH LOOP: ب_DROP_ذذةف
f
MATCH!
MATCH LOOP: ب_DROP_ذذهف
f
MATCH!
MATCH LOOP: ب_DROP_ذذىف
f
MATCH!
MATCH LOOP: ب_DROP_ذذيف
f
MATCH!
MATCH LOOP: ب_DROP_ذز_DROP_ف
f
MATCH!
MATCH LOOP: ب_DROP_ذزاف
f
MATCH!
MATCH LOOP: ب_DROP_ذزةف
f
MATCH!
MATCH LOOP: ب_DROP_ذزهف
f
MATCH!
MATCH LOOP: ب_DROP_ذزىف
f
MATCH!
MATCH LOOP: ب_DROP_ذزيف
f
MATCH!
MATCH LOOP: ب_DROP_ذظ_DROP_ف
f
MATCH!
MATCH LOOP: ب_DROP_ذظاف
f
MATCH!
MATCH LOOP: ب_DROP_ذظةف
f
MATCH!
MATCH LOOP: ب_DROP_ذظهف
f
MATCH!
MATCH LOOP: ب_DROP_ذظىف
f
MATCH!
MATCH LOOP: ب_DROP_ذظيف
f
MATCH!
MATCH LOOP: ب_DROP_زذ_DROP_ف
f
MATCH!
MATCH LOOP: ب_DROP_زذاف
f
MATCH!
MATCH LOOP: ب_DROP_زذةف
f
MATCH!
MATCH LOOP: ب_DROP_زذهف
f
MATCH!
MATCH LOOP: ب_DROP_زذىف
f
MATCH!
MATCH LOOP: ب_DROP_زذيف
f
MATCH!
MATCH LOOP: ب_DROP_زز_DROP_ف
f
MATCH!
MATCH LOOP: ب_DROP_ززاف
f
MATCH!
MATCH LOOP: ب_DROP_ززةف
f
MATCH!
MATCH LOOP: ب_DROP_ززهف
f
MATCH!
MATCH LOOP: ب_DROP_ززىف
f
MATCH!
MATCH LOOP: ب_DROP_ززيف
f
MATCH!
MATCH LOOP: ب_DROP_زظ_DROP_ف
f
MATCH!
MATCH LOOP: ب_DROP_زظاف
f
MATCH!
MATCH LOOP: ب_DROP_زظةف
f
MATCH!
MATCH LOOP: ب_DROP_زظهف
f
MATCH!
MATCH LOOP: ب_DROP_زظىف
f
MATCH!
MATCH LOOP: ب_DROP_زظيف
f
MATCH!
MATCH LOOP: ب_DROP_ظذ_DROP_ف
f
MATCH!
MATCH LOOP: ب_DROP_ظذاف
f
MATCH!
MATCH LOOP: ب_DROP_ظذةف
f
MATCH!
MATCH LOOP: ب_DROP_ظذهف
f
MATCH!
MATCH LOOP: ب_DROP_ظذىف
f
MATCH!
MATCH LOOP: ب_DROP_ظذيف
f
MATCH!
MATCH LOOP: ب_DROP_ظز_DROP_ف
f
MATCH!
MATCH LOOP: ب_DROP_ظزاف
f
MATCH!
MATCH LOOP: ب_DROP_ظزةف
f
MATCH!
MATCH LOOP: ب_DROP_ظزهف
f
MATCH!
MATCH LOOP: ب_DROP_ظزىف
f
MATCH!
MATCH LOOP: ب_DROP_ظزيف
f
MATCH!
MATCH LOOP: ب_DROP_ظظ_DROP_ف
f
MATCH!
MATCH LOOP: ب_DROP_ظظاف
f
MATCH!
MATCH LOOP: ب_DROP_ظظةف
f
MATCH!
MATCH LOOP: ب_DROP_ظظهف
f
MATCH!
MATCH LOOP: ب_DROP_ظظىف
f
MATCH!
MATCH LOOP: ب_DROP_ظظيف
f
MATCH!
MATCH LOOP: باذذ_DROP_ف
f
MATCH!
MATCH LOOP: باذذاف
f
MATCH!
MATCH LOOP: باذذةف
f
MATCH!
MATCH LOOP: باذذهف
f
MATCH!
MATCH LOOP: باذذىف
f
MATCH!
MATCH LOOP: باذذيف
f
MATCH!
MATCH LOOP: باذز_DROP_ف
f
MATCH!
MATCH LOOP: باذزاف
f
MATCH!
MATCH LOOP: باذزةف
f
MATCH!
MATCH LOOP: باذزهف
f
MATCH!
MATCH LOOP: باذزىف
f
MATCH!
MATCH LOOP: باذزيف
f
MATCH!
MATCH LOOP: باذظ_DROP_ف
f
MATCH!
MATCH LOOP: باذظاف
f
MATCH!
MATCH LOOP: باذظةف
f
MATCH!
MATCH LOOP: باذظهف
f
MATCH!
MATCH LOOP: باذظىف
f
MATCH!
MATCH LOOP: باذظيف
f
MATCH!
MATCH LOOP: بازذ_DROP_ف
f
MATCH!
MATCH LOOP: بازذاف
f
MATCH!
MATCH LOOP: بازذةف
f
MATCH!
MATCH LOOP: بازذهف
f
MATCH!
MATCH LOOP: بازذىف
f
MATCH!
MATCH LOOP: بازذيف
f
MATCH!
MATCH LOOP: بازز_DROP_ف
f
MATCH!
MATCH LOOP: باززاف
f
MATCH!
MATCH LOOP: باززةف
f
MATCH!
MATCH LOOP: باززهف
f
MATCH!
MATCH LOOP: باززىف
f
MATCH!
MATCH LOOP: باززيف
f
MATCH!
MATCH LOOP: بازظ_DROP_ف
f
MATCH!
MATCH LOOP: بازظاف
f
MATCH!
MATCH LOOP: بازظةف
f
MATCH!
MATCH LOOP: بازظهف
f
MATCH!
MATCH LOOP: بازظىف
f
MATCH!
MATCH LOOP: بازظيف
f
MATCH!
MATCH LOOP: باظذ_DROP_ف
f
MATCH!
MATCH LOOP: باظذاف
f
MATCH!
MATCH LOOP: باظذةف
f
MATCH!
MATCH LOOP: باظذهف
f
MATCH!
MATCH LOOP: باظذىف
f
MATCH!
MATCH LOOP: باظذيف
f
MATCH!
MATCH LOOP: باظز_DROP_ف
f
MATCH!
MATCH LOOP: باظزاف
f
MATCH!
MATCH LOOP: باظزةف
f
MATCH!
MATCH LOOP: باظزهف
f
MATCH!
MATCH LOOP: باظزىف
f
MATCH!
MATCH LOOP: باظزيف
f
MATCH!
MATCH LOOP: باظظ_DROP_ف
f
MATCH!
MATCH LOOP: باظظاف
f
MATCH!
MATCH LOOP: باظظةف
f
MATCH!
MATCH LOOP: باظظهف
f
MATCH!
MATCH LOOP: باظظىف
f
MATCH!
MATCH LOOP: باظظيف
f
MATCH!
MATCH LOOP: بةذذ_DROP_ف
f
MATCH!
MATCH LOOP: بةذذاف
f
MATCH!
MATCH LOOP: بةذذةف
f
MATCH!
MATCH LOOP: بةذذهف
f
MATCH!
MATCH LOOP: بةذذىف
f
MATCH!
MATCH LOOP: بةذذيف
f
MATCH!
MATCH LOOP: بةذز_DROP_ف
f
MATCH!
MATCH LOOP: بةذزاف
f
MATCH!
MATCH LOOP: بةذزةف
f
MATCH!
MATCH LOOP: بةذزهف
f
MATCH!
MATCH LOOP: بةذزىف
f
MATCH!
MATCH LOOP: بةذزيف
f
MATCH!
MATCH LOOP: بةذظ_DROP_ف
f
MATCH!
MATCH LOOP: بةذظاف
f
MATCH!
MATCH LOOP: بةذظةف
f
MATCH!
MATCH LOOP: بةذظهف
f
MATCH!
MATCH LOOP: بةذظىف
f
MATCH!
MATCH LOOP: بةذظيف
f
MATCH!
MATCH LOOP: بةزذ_DROP_ف
f
MATCH!
MATCH LOOP: بةزذاف
f
MATCH!
MATCH LOOP: بةزذةف
f
MATCH!
MATCH LOOP: بةزذهف
f
MATCH!
MATCH LOOP: بةزذىف
f
MATCH!
MATCH LOOP: بةزذيف
f
MATCH!
MATCH LOOP: بةزز_DROP_ف
f
MATCH!
MATCH LOOP: بةززاف
f
MATCH!
MATCH LOOP: بةززةف
f
MATCH!
MATCH LOOP: بةززهف
f
MATCH!
MATCH LOOP: بةززىف
f
MATCH!
MATCH LOOP: بةززيف
f
MATCH!
MATCH LOOP: بةزظ_DROP_ف
f
MATCH!
MATCH LOOP: بةزظاف
f
MATCH!
MATCH LOOP: بةزظةف
f
MATCH!
MATCH LOOP: بةزظهف
f
MATCH!
MATCH LOOP: بةزظىف
f
MATCH!
MATCH LOOP: بةزظيف
f
MATCH!
MATCH LOOP: بةظذ_DROP_ف
f
MATCH!
MATCH LOOP: بةظذاف
f
MATCH!
MATCH LOOP: بةظذةف
f
MATCH!
MATCH LOOP: بةظذهف
f
MATCH!
MATCH LOOP: بةظذىف
f
MATCH!
MATCH LOOP: بةظذيف
f
MATCH!
MATCH LOOP: بةظز_DROP_ف
f
MATCH!
MATCH LOOP: بةظزاف
f
MATCH!
MATCH LOOP: بةظزةف
f
MATCH!
MATCH LOOP: بةظزهف
f
MATCH!
MATCH LOOP: بةظزىف
f
MATCH!
MATCH LOOP: بةظزيف
f
MATCH!
MATCH LOOP: بةظظ_DROP_ف
f
MATCH!
MATCH LOOP: بةظظاف
f
MATCH!
MATCH LOOP: بةظظةف
f
MATCH!
MATCH LOOP: بةظظهف
f
MATCH!
MATCH LOOP: بةظظىف
f
MATCH!
MATCH LOOP: بةظظيف
f
MATCH!
MATCH LOOP: بهذذ_DROP_ف
f
MATCH!
MATCH LOOP: بهذذاف
f
MATCH!
MATCH LOOP: بهذذةف
f
MATCH!
MATCH LOOP: بهذذهف
f
MATCH!
MATCH LOOP: بهذذىف
f
MATCH!
MATCH LOOP: بهذذيف
f
MATCH!
MATCH LOOP: بهذز_DROP_ف
f
MATCH!
MATCH LOOP: بهذزاف
f
MATCH!
MATCH LOOP: بهذزةف
f
MATCH!
MATCH LOOP: بهذزهف
f
MATCH!
MATCH LOOP: بهذزىف
f
MATCH!
MATCH LOOP: بهذزيف
f
MATCH!
MATCH LOOP: بهذظ_DROP_ف
f
MATCH!
MATCH LOOP: بهذظاف
f
MATCH!
MATCH LOOP: بهذظةف
f
MATCH!
MATCH LOOP: بهذظهف
f
MATCH!
MATCH LOOP: بهذظىف
f
MATCH!
MATCH LOOP: بهذظيف
f
MATCH!
MATCH LOOP: بهزذ_DROP_ف
f
MATCH!
MATCH LOOP: بهزذاف
f
MATCH!
MATCH LOOP: بهزذةف
f
MATCH!
MATCH LOOP: بهزذهف
f
MATCH!
MATCH LOOP: بهزذىف
f
MATCH!
MATCH LOOP: بهزذيف
f
MATCH!
MATCH LOOP: بهزز_DROP_ف
f
MATCH!
MATCH LOOP: بهززاف
f
MATCH!
MATCH LOOP: بهززةف
f
MATCH!
MATCH LOOP: بهززهف
f
MATCH!
MATCH LOOP: بهززىف
f
MATCH!
MATCH LOOP: بهززيف
f
MATCH!
MATCH LOOP: بهزظ_DROP_ف
f
MATCH!
MATCH LOOP: بهزظاف
f
MATCH!
MATCH LOOP: بهزظةف
f
MATCH!
MATCH LOOP: بهزظهف
f
MATCH!
MATCH LOOP: بهزظىف
f
MATCH!
MATCH LOOP: بهزظيف
f
MATCH!
MATCH LOOP: بهظذ_DROP_ف
f
MATCH!
MATCH LOOP: بهظذاف
f
MATCH!
MATCH LOOP: بهظذةف
f
MATCH!
MATCH LOOP: بهظذهف
f
MATCH!
MATCH LOOP: بهظذىف
f
MATCH!
MATCH LOOP: بهظذيف
f
MATCH!
MATCH LOOP: بهظز_DROP_ف
f
MATCH!
MATCH LOOP: بهظزاف
f
MATCH!
MATCH LOOP: بهظزةف
f
MATCH!
MATCH LOOP: بهظزهف
f
MATCH!
MATCH LOOP: بهظزىف
f
MATCH!
MATCH LOOP: بهظزيف
f
MATCH!
MATCH LOOP: بهظظ_DROP_ف
f
MATCH!
MATCH LOOP: بهظظاف
f
MATCH!
MATCH LOOP: بهظظةف
f
MATCH!
MATCH LOOP: بهظظهف
f
MATCH!
MATCH LOOP: بهظظىف
f
MATCH!
MATCH LOOP: بهظظيف
بهذظف	b :: ب|e :: ه|z :: ذ|z :: ظ|a :: _DROP_|f :: ف
بهزظيف	b :: ب|e :: ه|z :: ز|z :: ظ|a :: ي|f :: ف
بةذذهف	b :: ب|e :: ة|z :: ذ|z :: ذ|a :: ه|f :: ف
بةززةف	b :: ب|e :: ة|z :: ز|z :: ز|a :: ة|f :: ف
بظزةف	b :: ب|e :: _DROP_|z :: ظ|z :: ز|a :: ة|f :: ف
بهزذةف	b :: ب|e :: ه|z :: ز|z :: ذ|a :: ة|f :: ف
بةززيف	b :: ب|e :: ة|z :: ز|z :: ز|a :: ي|f :: ف
بزذةف	b :: ب|e :: _DROP_|z :: ز|z :: ذ|a :: ة|f :: ف
بهظزيف	b :: ب|e :: ه|z :: ظ|z :: ز|a :: ي|f :: ف
باذزهف	b :: ب|e :: ا|z :: ذ|z :: ز|a :: ه|f :: ف
بززةف	b :: ب|e :: _DROP_|z :: ز|z :: ز|a :: ة|f :: ف
بةزذةف	b :: ب|e :: ة|z :: ز|z :: ذ|a :: ة|f :: ف
بهزظةف	b :: ب|e :: ه|z :: ز|z :: ظ|a :: ة|f :: ف
بةظزةف	b :: ب|e :: ة|z :: ظ|z :: ز|a :: ة|f :: ف
بززيف	b :: ب|e :: _DROP_|z :: ز|z :: ز|a :: ي|f :: ف
بةزظاف	b :: ب|e :: ة|z :: ز|z :: ظ|a :: ا|f :: ف
بهذزف	b :: ب|e :: ه|z :: ذ|z :: ز|a :: _DROP_|f :: ف
بزذاف	b :: ب|e :: _DROP_|z :: ز|z :: ذ|a :: ا|f :: ف
باظذف	b :: ب|e :: ا|z :: ظ|z :: ذ|a :: _DROP_|f :: ف
بةظظةف	b :: ب|e :: ة|z :: ظ|z :: ظ|a :: ة|f :: ف
باذظهف	b :: ب|e :: ا|z :: ذ|z :: ظ|a :: ه|f :: ف
بذظهف	b :: ب|e :: _DROP_|z :: ذ|z :: ظ|a :: ه|f :: ف
بذزيف	b :: ب|e :: _DROP_|z :: ذ|z :: ز|a :: ي|f :: ف
باظذهف	b :: ب|e :: ا|z :: ظ|z :: ذ|a :: ه|f :: ف
بةظظيف	b :: ب|e :: ة|z :: ظ|z :: ظ|a :: ي|f :: ف
بظظف	b :: ب|e :: _DROP_|z :: ظ|z :: ظ|a :: _DROP_|f :: ف
بهذزىف	b :: ب|e :: ه|z :: ذ|z :: ز|a :: ى|f :: ف
بهظظهف	b :: ب|e :: ه|z :: ظ|z :: ظ|a :: ه|f :: ف
بةذذىف	b :: ب|e :: ة|z :: ذ|z :: ذ|a :: ى|f :: ف
بهزذهف	b :: ب|e :: ه|z :: ز|z :: ذ|a :: ه|f :: ف
بظزف	b :: ب|e :: _DROP_|z :: ظ|z :: ز|a :: _DROP_|f :: ف
بهذذف	b :: ب|e :: ه|z :: ذ|z :: ذ|a :: _DROP_|f :: ف
بةزظهف	b :: ب|e :: ة|z :: ز|z :: ظ|a :: ه|f :: ف
بظذةف	b :: ب|e :: _DROP_|z :: ظ|z :: ذ|a :: ة|f :: ف
بظزهف	b :: ب|e :: _DROP_|z :: ظ|z :: ز|a :: ه|f :: ف
بازذهف	b :: ب|e :: ا|z :: ز|z :: ذ|a :: ه|f :: ف
باذذيف	b :: ب|e :: ا|z :: ذ|z :: ذ|a :: ي|f :: ف
بةزظةف	b :: ب|e :: ة|z :: ز|z :: ظ|a :: ة|f :: ف
بهظزىف	b :: ب|e :: ه|z :: ظ|z :: ز|a :: ى|f :: ف
بازظهف	b :: ب|e :: ا|z :: ز|z :: ظ|a :: ه|f :: ف
بذزاف	b :: ب|e :: _DROP_|z :: ذ|z :: ز|a :: ا|f :: ف
بظذف	b :: ب|e :: _DROP_|z :: ظ|z :: ذ|a :: _DROP_|f :: ف
بهزظاف	b :: ب|e :: ه|z :: ز|z :: ظ|a :: ا|f :: ف
باذظيف	b :: ب|e :: ا|z :: ذ|z :: ظ|a :: ي|f :: ف
باذزيف	b :: ب|e :: ا|z :: ذ|z :: ز|a :: ي|f :: ف
بذذةف	b :: ب|e :: _DROP_|z :: ذ|z :: ذ|a :: ة|f :: ف
باظذيف	b :: ب|e :: ا|z :: ظ|z :: ذ|a :: ي|f :: ف
بةظظاف	b :: ب|e :: ة|z :: ظ|z :: ظ|a :: ا|f :: ف
بزظىف	b :: ب|e :: _DROP_|z :: ز|z :: ظ|a :: ى|f :: ف
باذظف	b :: ب|e :: ا|z :: ذ|z :: ظ|a :: _DROP_|f :: ف
باظذىف	b :: ب|e :: ا|z :: ظ|z :: ذ|a :: ى|f :: ف
بةزذيف	b :: ب|e :: ة|z :: ز|z :: ذ|a :: ي|f :: ف
باظزةف	b :: ب|e :: ا|z :: ظ|z :: ز|a :: ة|f :: ف
بهزذيف	b :: ب|e :: ه|z :: ز|z :: ذ|a :: ي|f :: ف
بةذذةف	b :: ب|e :: ة|z :: ذ|z :: ذ|a :: ة|f :: ف
بهذذيف	b :: ب|e :: ه|z :: ذ|z :: ذ|a :: ي|f :: ف
بهذظىف	b :: ب|e :: ه|z :: ذ|z :: ظ|a :: ى|f :: ف
بزظةف	b :: ب|e :: _DROP_|z :: ز|z :: ظ|a :: ة|f :: ف
بةظزاف	b :: ب|e :: ة|z :: ظ|z :: ز|a :: ا|f :: ف
بازظيف	b :: ب|e :: ا|z :: ز|z :: ظ|a :: ي|f :: ف
بهزذىف	b :: ب|e :: ه|z :: ز|z :: ذ|a :: ى|f :: ف
بةزذاف	b :: ب|e :: ة|z :: ز|z :: ذ|a :: ا|f :: ف
بهظظةف	b :: ب|e :: ه|z :: ظ|z :: ظ|a :: ة|f :: ف
بذزةف	b :: ب|e :: _DROP_|z :: ذ|z :: ز|a :: ة|f :: ف
باذظةف	b :: ب|e :: ا|z :: ذ|z :: ظ|a :: ة|f :: ف
باظزىف	b :: ب|e :: ا|z :: ظ|z :: ز|a :: ى|f :: ف
بةظذيف	b :: ب|e :: ة|z :: ظ|z :: ذ|a :: ي|f :: ف
بةذذاف	b :: ب|e :: ة|z :: ذ|z :: ذ|a :: ا|f :: ف
بةززف	b :: ب|e :: ة|z :: ز|z :: ز|a :: _DROP_|f :: ف
بهذذاف	b :: ب|e :: ه|z :: ذ|z :: ذ|a :: ا|f :: ف
بهذظهف	b :: ب|e :: ه|z :: ذ|z :: ظ|a :: ه|f :: ف
بهزذاف	b :: ب|e :: ه|z :: ز|z :: ذ|a :: ا|f :: ف
بةظذف	b :: ب|e :: ة|z :: ظ|z :: ذ|a :: _DROP_|f :: ف
بذظىف	b :: ب|e :: _DROP_|z :: ذ|z :: ظ|a :: ى|f :: ف
بةزذهف	b :: ب|e :: ة|z :: ز|z :: ذ|a :: ه|f :: ف
بهذذهف	b :: ب|e :: ه|z :: ذ|z :: ذ|a :: ه|f :: ف
باززيف	b :: ب|e :: ا|z :: ز|z :: ز|a :: ي|f :: ف
بهظذةف	b :: ب|e :: ه|z :: ظ|z :: ذ|a :: ة|f :: ف
بةزظيف	b :: ب|e :: ة|z :: ز|z :: ظ|a :: ي|f :: ف
بظظاف	b :: ب|e :: _DROP_|z :: ظ|z :: ظ|a :: ا|f :: ف
بزذيف	b :: ب|e :: _DROP_|z :: ز|z :: ذ|a :: ي|f :: ف
بهزذف	b :: ب|e :: ه|z :: ز|z :: ذ|a :: _DROP_|f :: ف
بهظذف	b :: ب|e :: ه|z :: ظ|z :: ذ|a :: _DROP_|f :: ف
بذظاف	b :: ب|e :: _DROP_|z :: ذ|z :: ظ|a :: ا|f :: ف
بةظذةف	b :: ب|e :: ة|z :: ظ|z :: ذ|a :: ة|f :: ف
بهظذهف	b :: ب|e :: ه|z :: ظ|z :: ذ|a :: ه|f :: ف
بذذاف	b :: ب|e :: _DROP_|z :: ذ|z :: ذ|a :: ا|f :: ف
بازظةف	b :: ب|e :: ا|z :: ز|z :: ظ|a :: ة|f :: ف
بةذظيف	b :: ب|e :: ة|z :: ذ|z :: ظ|a :: ي|f :: ف
بهذذىف	b :: ب|e :: ه|z :: ذ|z :: ذ|a :: ى|f :: ف
بزظف	b :: ب|e :: _DROP_|z :: ز|z :: ظ|a :: _DROP_|f :: ف
بةظظهف	b :: ب|e :: ة|z :: ظ|z :: ظ|a :: ه|f :: ف
بززىف	b :: ب|e :: _DROP_|z :: ز|z :: ز|a :: ى|f :: ف
بهظذيف	b :: ب|e :: ه|z :: ظ|z :: ذ|a :: ي|f :: ف
بززهف	b :: ب|e :: _DROP_|z :: ز|z :: ز|a :: ه|f :: ف
باززاف	b :: ب|e :: ا|z :: ز|z :: ز|a :: ا|f :: ف
بهظذىف	b :: ب|e :: ه|z :: ظ|z :: ذ|a :: ى|f :: ف
باظذةف	b :: ب|e :: ا|z :: ظ|z :: ذ|a :: ة|f :: ف
بةزظىف	b :: ب|e :: ة|z :: ز|z :: ظ|a :: ى|f :: ف
بذزف	b :: ب|e :: _DROP_|z :: ذ|z :: ز|a :: _DROP_|f :: ف
بظذاف	b :: ب|e :: _DROP_|z :: ظ|z :: ذ|a :: ا|f :: ف
باززهف	b :: ب|e :: ا|z :: ز|z :: ز|a :: ه|f :: ف
بازظىف	b :: ب|e :: ا|z :: ز|z :: ظ|a :: ى|f :: ف
باظزيف	b :: ب|e :: ا|z :: ظ|z :: ز|a :: ي|f :: ف
بهذزةف	b :: ب|e :: ه|z :: ذ|z :: ز|a :: ة|f :: ف
باززف	b :: ب|e :: ا|z :: ز|z :: ز|a :: _DROP_|f :: ف
بازذاف	b :: ب|e :: ا|z :: ز|z :: ذ|a :: ا|f :: ف
بهزظف	b :: ب|e :: ه|z :: ز|z :: ظ|a :: _DROP_|f :: ف
بهذزيف	b :: ب|e :: ه|z :: ذ|z :: ز|a :: ي|f :: ف
بظظيف	b :: ب|e :: _DROP_|z :: ظ|z :: ظ|a :: ي|f :: ف
بهذظةف	b :: ب|e :: ه|z :: ذ|z :: ظ|a :: ة|f :: ف
بذذف	b :: ب|e :: _DROP_|z :: ذ|z :: ذ|a :: _DROP_|f :: ف
بظذىف	b :: ب|e :: _DROP_|z :: ظ|z :: ذ|a :: ى|f :: ف
بهززاف	b :: ب|e :: ه|z :: ز|z :: ز|a :: ا|f :: ف
بةظظىف	b :: ب|e :: ة|z :: ظ|z :: ظ|a :: ى|f :: ف
بزظهف	b :: ب|e :: _DROP_|z :: ز|z :: ظ|a :: ه|f :: ف
باذذهف	b :: ب|e :: ا|z :: ذ|z :: ذ|a :: ه|f :: ف
بهظزةف	b :: ب|e :: ه|z :: ظ|z :: ز|a :: ة|f :: ف
بظزاف	b :: ب|e :: _DROP_|z :: ظ|z :: ز|a :: ا|f :: ف
بذظةف	b :: ب|e :: _DROP_|z :: ذ|z :: ظ|a :: ة|f :: ف
بزذف	b :: ب|e :: _DROP_|z :: ز|z :: ذ|a :: _DROP_|f :: ف
بزذىف	b :: ب|e :: _DROP_|z :: ز|z :: ذ|a :: ى|f :: ف
بةظزيف	b :: ب|e :: ة|z :: ظ|z :: ز|a :: ي|f :: ف
باظظىف	b :: ب|e :: ا|z :: ظ|z :: ظ|a :: ى|f :: ف
باذذف	b :: ب|e :: ا|z :: ذ|z :: ذ|a :: _DROP_|f :: ف
بهظظىف	b :: ب|e :: ه|z :: ظ|z :: ظ|a :: ى|f :: ف
بزظيف	b :: ب|e :: _DROP_|z :: ز|z :: ظ|a :: ي|f :: ف
بزذهف	b :: ب|e :: _DROP_|z :: ز|z :: ذ|a :: ه|f :: ف
بذذىف	b :: ب|e :: _DROP_|z :: ذ|z :: ذ|a :: ى|f :: ف
بذزىف	b :: ب|e :: _DROP_|z :: ذ|z :: ز|a :: ى|f :: ف
باظظاف	b :: ب|e :: ا|z :: ظ|z :: ظ|a :: ا|f :: ف
بازظاف	b :: ب|e :: ا|z :: ز|z :: ظ|a :: ا|f :: ف
بهزظىف	b :: ب|e :: ه|z :: ز|z :: ظ|a :: ى|f :: ف
بذظيف	b :: ب|e :: _DROP_|z :: ذ|z :: ظ|a :: ي|f :: ف
بةذظهف	b :: ب|e :: ة|z :: ذ|z :: ظ|a :: ه|f :: ف
باذذاف	b :: ب|e :: ا|z :: ذ|z :: ذ|a :: ا|f :: ف
بازذيف	b :: ب|e :: ا|z :: ز|z :: ذ|a :: ي|f :: ف
باذذةف	b :: ب|e :: ا|z :: ذ|z :: ذ|a :: ة|f :: ف
باذزف	b :: ب|e :: ا|z :: ذ|z :: ز|a :: _DROP_|f :: ف
باظزهف	b :: ب|e :: ا|z :: ظ|z :: ز|a :: ه|f :: ف
بهظظيف	b :: ب|e :: ه|z :: ظ|z :: ظ|a :: ي|f :: ف
بةذزةف	b :: ب|e :: ة|z :: ذ|z :: ز|a :: ة|f :: ف
باذظاف	b :: ب|e :: ا|z :: ذ|z :: ظ|a :: ا|f :: ف
بةذزاف	b :: ب|e :: ة|z :: ذ|z :: ز|a :: ا|f :: ف
بظظهف	b :: ب|e :: _DROP_|z :: ظ|z :: ظ|a :: ه|f :: ف
بظذهف	b :: ب|e :: _DROP_|z :: ظ|z :: ذ|a :: ه|f :: ف
بظظىف	b :: ب|e :: _DROP_|z :: ظ|z :: ظ|a :: ى|f :: ف
باظظهف	b :: ب|e :: ا|z :: ظ|z :: ظ|a :: ه|f :: ف
بذذيف	b :: ب|e :: _DROP_|z :: ذ|z :: ذ|a :: ي|f :: ف
بهزظهف	b :: ب|e :: ه|z :: ز|z :: ظ|a :: ه|f :: ف
بازذىف	b :: ب|e :: ا|z :: ز|z :: ذ|a :: ى|f :: ف
بهذزهف	b :: ب|e :: ه|z :: ذ|z :: ز|a :: ه|f :: ف
بةذزيف	b :: ب|e :: ة|z :: ذ|z :: ز|a :: ي|f :: ف
بززاف	b :: ب|e :: _DROP_|z :: ز|z :: ز|a :: ا|f :: ف
بازذةف	b :: ب|e :: ا|z :: ز|z :: ذ|a :: ة|f :: ف
بةززاف	b :: ب|e :: ة|z :: ز|z :: ز|a :: ا|f :: ف
بذذهف	b :: ب|e :: _DROP_|z :: ذ|z :: ذ|a :: ه|f :: ف
باززةف	b :: ب|e :: ا|z :: ز|z :: ز|a :: ة|f :: ف
بظظةف	b :: ب|e :: _DROP_|z :: ظ|z :: ظ|a :: ة|f :: ف
بةززهف	b :: ب|e :: ة|z :: ز|z :: ز|a :: ه|f :: ف
بةذظف	b :: ب|e :: ة|z :: ذ|z :: ظ|a :: _DROP_|f :: ف
باظظةف	b :: ب|e :: ا|z :: ظ|z :: ظ|a :: ة|f :: ف
باذظىف	b :: ب|e :: ا|z :: ذ|z :: ظ|a :: ى|f :: ف
بظذيف	b :: ب|e :: _DROP_|z :: ظ|z :: ذ|a :: ي|f :: ف
بهززف	b :: ب|e :: ه|z :: ز|z :: ز|a :: _DROP_|f :: ف
بهززىف	b :: ب|e :: ه|z :: ز|z :: ز|a :: ى|f :: ف
بذزهف	b :: ب|e :: _DROP_|z :: ذ|z :: ز|a :: ه|f :: ف
بظزيف	b :: ب|e :: _DROP_|z :: ظ|z :: ز|a :: ي|f :: ف
بهظزهف	b :: ب|e :: ه|z :: ظ|z :: ز|a :: ه|f :: ف
بةذظاف	b :: ب|e :: ة|z :: ذ|z :: ظ|a :: ا|f :: ف
بذظف	b :: ب|e :: _DROP_|z :: ذ|z :: ظ|a :: _DROP_|f :: ف
بةذظةف	b :: ب|e :: ة|z :: ذ|z :: ظ|a :: ة|f :: ف
بةزظف	b :: ب|e :: ة|z :: ز|z :: ظ|a :: _DROP_|f :: ف
بةذزىف	b :: ب|e :: ة|z :: ذ|z :: ز|a :: ى|f :: ف
بةذزهف	b :: ب|e :: ة|z :: ذ|z :: ز|a :: ه|f :: ف
بةظذىف	b :: ب|e :: ة|z :: ظ|z :: ذ|a :: ى|f :: ف
بةظذاف	b :: ب|e :: ة|z :: ظ|z :: ذ|a :: ا|f :: ف
بةذذيف	b :: ب|e :: ة|z :: ذ|z :: ذ|a :: ي|f :: ف
باذزاف	b :: ب|e :: ا|z :: ذ|z :: ز|a :: ا|f :: ف
بةظظف	b :: ب|e :: ة|z :: ظ|z :: ظ|a :: _DROP_|f :: ف
بةذظىف	b :: ب|e :: ة|z :: ذ|z :: ظ|a :: ى|f :: ف
بةظذهف	b :: ب|e :: ة|z :: ظ|z :: ذ|a :: ه|f :: ف
بةززىف	b :: ب|e :: ة|z :: ز|z :: ز|a :: ى|f :: ف
بهذظاف	b :: ب|e :: ه|z :: ذ|z :: ظ|a :: ا|f :: ف
بهظظف	b :: ب|e :: ه|z :: ظ|z :: ظ|a :: _DROP_|f :: ف
بهذظيف	b :: ب|e :: ه|z :: ذ|z :: ظ|a :: ي|f :: ف
باظظيف	b :: ب|e :: ا|z :: ظ|z :: ظ|a :: ي|f :: ف
بهظذاف	b :: ب|e :: ه|z :: ظ|z :: ذ|a :: ا|f :: ف
بهززيف	b :: ب|e :: ه|z :: ز|z :: ز|a :: ي|f :: ف
باظزف	b :: ب|e :: ا|z :: ظ|z :: ز|a :: _DROP_|f :: ف
بهظظاف	b :: ب|e :: ه|z :: ظ|z :: ظ|a :: ا|f :: ف
باذزةف	b :: ب|e :: ا|z :: ذ|z :: ز|a :: ة|f :: ف
بةظزىف	b :: ب|e :: ة|z :: ظ|z :: ز|a :: ى|f :: ف
بازظف	b :: ب|e :: ا|z :: ز|z :: ظ|a :: _DROP_|f :: ف
باظزاف	b :: ب|e :: ا|z :: ظ|z :: ز|a :: ا|f :: ف
بززف	b :: ب|e :: _DROP_|z :: ز|z :: ز|a :: _DROP_|f :: ف
بهظزاف	b :: ب|e :: ه|z :: ظ|z :: ز|a :: ا|f :: ف
بهذذةف	b :: ب|e :: ه|z :: ذ|z :: ذ|a :: ة|f :: ف
بهززةف	b :: ب|e :: ه|z :: ز|z :: ز|a :: ة|f :: ف
بهظزف	b :: ب|e :: ه|z :: ظ|z :: ز|a :: _DROP_|f :: ف
بزظاف	b :: ب|e :: _DROP_|z :: ز|z :: ظ|a :: ا|f :: ف
بةظزهف	b :: ب|e :: ة|z :: ظ|z :: ز|a :: ه|f :: ف
باززىف	b :: ب|e :: ا|z :: ز|z :: ز|a :: ى|f :: ف
بازذف	b :: ب|e :: ا|z :: ز|z :: ذ|a :: _DROP_|f :: ف
بةزذف	b :: ب|e :: ة|z :: ز|z :: ذ|a :: _DROP_|f :: ف
باظذاف	b :: ب|e :: ا|z :: ظ|z :: ذ|a :: ا|f :: ف
بةظزف	b :: ب|e :: ة|z :: ظ|z :: ز|a :: _DROP_|f :: ف
باذزىف	b :: ب|e :: ا|z :: ذ|z :: ز|a :: ى|f :: ف
بظزىف	b :: ب|e :: _DROP_|z :: ظ|z :: ز|a :: ى|f :: ف
باظظف	b :: ب|e :: ا|z :: ظ|z :: ظ|a :: _DROP_|f :: ف
بهذزاف	b :: ب|e :: ه|z :: ذ|z :: ز|a :: ا|f :: ف
باذذىف	b :: ب|e :: ا|z :: ذ|z :: ذ|a :: ى|f :: ف
بةذزف	b :: ب|e :: ة|z :: ذ|z :: ز|a :: _DROP_|f :: ف
بهززهف	b :: ب|e :: ه|z :: ز|z :: ز|a :: ه|f :: ف
بةذذف	b :: ب|e :: ة|z :: ذ|z :: ذ|a :: _DROP_|f :: ف
بةزذىف	b :: ب|e :: ة|z :: ز|z :: ذ|a :: ى|f :: ف
------ 
