c
MATCH!
MATCH LOOP: ك
c r
r
MATCH!
MATCH LOOP: كر
r i
i
MATCH!
MATCH LOOP: كر_DROP_
MATCH LOOP: كرى
MATCH LOOP: كري
i d
d
MATCH!
MATCH LOOP: كر_DROP_د
MATCH LOOP: كر_DROP_ض
d i
d
MATCH!
MATCH LOOP: كرىد
MATCH LOOP: كرىض
d i
d
MATCH!
MATCH LOOP: كريد
MATCH LOOP: كريض
d i
i
MATCH!
MATCH LOOP: كر_DROP_د_DROP_
MATCH LOOP: كر_DROP_دى
MATCH LOOP: كر_DROP_دي
i
MATCH!
MATCH LOOP: كر_DROP_ض_DROP_
MATCH LOOP: كر_DROP_ضى
MATCH LOOP: كر_DROP_ضي
i
MATCH!
MATCH LOOP: كرىد_DROP_
MATCH LOOP: كرىدى
MATCH LOOP: كرىدي
i
MATCH!
MATCH LOOP: كرىض_DROP_
MATCH LOOP: كرىضى
MATCH LOOP: كرىضي
i
MATCH!
MATCH LOOP: كريد_DROP_
MATCH LOOP: كريدى
MATCH LOOP: كريدي
i
MATCH!
MATCH LOOP: كريض_DROP_
MATCH LOOP: كريضى
MATCH LOOP: كريضي
كرىدى	c :: ك|r :: ر|i :: ى|d :: د|i :: ى
كرىض	c :: ك|r :: ر|i :: ى|d :: ض|i :: _DROP_
كرض	c :: ك|r :: ر|i :: _DROP_|d :: ض|i :: _DROP_
كردى	c :: ك|r :: ر|i :: _DROP_|d :: د|i :: ى
كردي	c :: ك|r :: ر|i :: _DROP_|d :: د|i :: ي
كرد	c :: ك|r :: ر|i :: _DROP_|d :: د|i :: _DROP_
كريدى	c :: ك|r :: ر|i :: ي|d :: د|i :: ى
كريدي	c :: ك|r :: ر|i :: ي|d :: د|i :: ي
كريضي	c :: ك|r :: ر|i :: ي|d :: ض|i :: ي
كريد	c :: ك|r :: ر|i :: ي|d :: د|i :: _DROP_
كرىدي	c :: ك|r :: ر|i :: ى|d :: د|i :: ي
كرىضي	c :: ك|r :: ر|i :: ى|d :: ض|i :: ي
كرىد	c :: ك|r :: ر|i :: ى|d :: د|i :: _DROP_
كريض	c :: ك|r :: ر|i :: ي|d :: ض|i :: _DROP_
كرىضى	c :: ك|r :: ر|i :: ى|d :: ض|i :: ى
كريضى	c :: ك|r :: ر|i :: ي|d :: ض|i :: ى
كرضى	c :: ك|r :: ر|i :: _DROP_|d :: ض|i :: ى
كرضي	c :: ك|r :: ر|i :: _DROP_|d :: ض|i :: ي
------ 
