--
BACKOFF:0
PROBNEW:0.999
PROBMAP:0.001
--
---
AZ : nchallah
AR : إن شاء الله
divide per 2 ?
ratio ?
---
AZ : alah
AR : الله
divide per 2 ?
ratio ?
---
AZ : da3ich
AR : داعش
divide per 2 ?
ratio ?
---
AZ : salam
AR : السلام
divide per 2 ?
ratio ?
---
AZ : fblastek
AR : في مكانك
divide per 2 ?
ratio ?
---
AZ : almalik
AR : الملك
divide per 2 ?
ratio ?
---
AZ : cridi
AR : الكريدي
divide per 2 ?
ratio ?
---
AZ : ga3
AR : قاع
divide per 2 ?
ratio ?
---
AZ : bezzaf
AR : بزاف
divide per 2 ?
ratio ?
---
AZ : mohim
AR : المهم
divide per 2 ?
ratio ?
---
AZ : ila
AR : إذا
divide per 2 ?
ratio ?
---
AZ : consommation
AR : الاستهلاك
divide per 2 ?
ratio ?
---
AZ : chof
AR : شوف
divide per 2 ?
ratio ?
---
AZ : chwiya
AR : شوية
divide per 2 ?
ratio ?
---
AZ : mojod
AR : موجود
divide per 2 ?
ratio ?
---
AZ : wala
AR : او
divide per 2 ?
ratio ?
---
AZ : walidina
AR : والدينا
divide per 2 ?
ratio ?
---
AZ : walidik
AR : والديك
divide per 2 ?
ratio ?
---
AZ : khoya
AR : خويا
divide per 2 ?
ratio ?
---
AZ : zin
AR : الزين
divide per 2 ?
ratio ?
---
AZ : na9sa
AR : ناقصة
divide per 2 ?
ratio ?
---
AZ : piece
AR : قطع الغيار
divide per 2 ?
ratio ?
---
AZ : hado
AR : هؤلاء
divide per 2 ?
ratio ?
---
AZ : mlah
AR : ملاح
divide per 2 ?
ratio ?
---
AZ : logan
AR : لوغان
divide per 2 ?
ratio ?

---
 alah
الله (1)

---
 almalik
الملك (1)

---
 bezzaf
بزاف (1)

---
 chof
شوف (1)

---
 chwiya
شوية (1)

---
 consommation
الاستهلاك (1)

---
 cridi
الكريدي (1)

---
 da3ich
داعش (1)

---
 fblastek
في مكانك (1)

---
 ga3
قاع (1)

---
 hado
هؤلاء (1)

---
 ila
إذا (1)

---
 khoya
خويا (1)

---
 logan
لوغان (1)

---
 mlah
ملاح (1)

---
 mohim
المهم (1)

---
 mojod
موجود (1)

---
 na9sa
ناقصة (1)

---
 nchallah
إن شاء الله (1)

---
 piece
قطع الغيار (1)

---
 salam
السلام (1)

---
 wala
او (1)

---
 walidik
والديك (1)

---
 walidina
والدينا (1)

---
 zin
الزين (1)
fields_new size : 4
value of a: o
value of a: 0.001
value of a: و
value of a: 0.001
fields_new size : 8
value of a: موجود
value of a: 0.999
value of a: mojod
value of a: 0.001
value of a: مجد
value of a: 0.001
value of a: مجود
value of a: 0.001
fields_new size : 10
value of a: شوف
value of a: 0.999
value of a: chof
value of a: 0.001
value of a: كهف
value of a: 0.001
value of a: كهوف
value of a: 0.001
value of a: شف
value of a: 0.001
fields_new size : 4
value of a: الاستهلاك
value of a: 0.999
value of a: consommation
value of a: 0.001
fields_new size : 92
value of a: او
value of a: 0.999
value of a: wala
value of a: 0.001
value of a: ولى
value of a: 0.001
value of a: ل
value of a: 0.001
value of a: ويلا
value of a: 0.001
value of a: وهل
value of a: 0.001
value of a: اله
value of a: 0.001
value of a: لة
value of a: 0.001
value of a: الا
value of a: 0.001
value of a: وله
value of a: 0.001
value of a: واله
value of a: 0.001
value of a: وهلا
value of a: 0.001
value of a: ةلا
value of a: 0.001
value of a: ويلي
value of a: 0.001
value of a: يلى
value of a: 0.001
value of a: ال
value of a: 0.001
value of a: يل
value of a: 0.001
value of a: ولا
value of a: 0.001
value of a: والة
value of a: 0.001
value of a: هل
value of a: 0.001
value of a: هله
value of a: 0.001
value of a: يلا
value of a: 0.001
value of a: هلة
value of a: 0.001
value of a: ولة
value of a: 0.001
value of a: والي
value of a: 0.001
value of a: ول
value of a: 0.001
value of a: وهلة
value of a: 0.001
value of a: الة
value of a: 0.001
value of a: هلى
value of a: 0.001
value of a: لا
value of a: 0.001
value of a: لى
value of a: 0.001
value of a: ولي
value of a: 0.001
value of a: ويلى
value of a: 0.001
value of a: لي
value of a: 0.001
value of a: وال
value of a: 0.001
value of a: الى
value of a: 0.001
value of a: والى
value of a: 0.001
value of a: ويل
value of a: 0.001
value of a: هلا
value of a: 0.001
value of a: وهلى
value of a: 0.001
value of a: والا
value of a: 0.001
value of a: الي
value of a: 0.001
value of a: له
value of a: 0.001
value of a: هلي
value of a: 0.001
value of a: يله
value of a: 0.001
value of a: يلي
value of a: 0.001
fields_new size : 18
value of a: قطع-الغيار
value of a: 0.999
value of a: piece
value of a: 0.001
value of a: بيكا
value of a: 0.001
value of a: بكا
value of a: 0.001
value of a: بيك
value of a: 0.001
value of a: باكا
value of a: 0.001
value of a: بياك
value of a: 0.001
value of a: بك
value of a: 0.001
value of a: باك
value of a: 0.001
fields_new size : 30
value of a: شوية
value of a: 0.999
value of a: chwiya
value of a: 0.001
value of a: شويه
value of a: 0.001
value of a: شويا
value of a: 0.001
value of a: شييه
value of a: 0.001
value of a: شويى
value of a: 0.001
value of a: شي
value of a: 0.001
value of a: شيه
value of a: 0.001
value of a: شييا
value of a: 0.001
value of a: شيا
value of a: 0.001
value of a: كهيا
value of a: 0.001
value of a: شوى
value of a: 0.001
value of a: شى
value of a: 0.001
value of a: شيى
value of a: 0.001
value of a: شوي
value of a: 0.001
fields_new size : 2
value of a: diesel
value of a: 0.001
fields_new size : 28
value of a: هؤلاء
value of a: 0.999
value of a: hado
value of a: 0.001
value of a: هيد
value of a: 0.001
value of a: هاد
value of a: 0.001
value of a: هيدو
value of a: 0.001
value of a: حيدو
value of a: 0.001
value of a: حاد
value of a: 0.001
value of a: حاض
value of a: 0.001
value of a: هد
value of a: 0.001
value of a: حد
value of a: 0.001
value of a: هدو
value of a: 0.001
value of a: حض
value of a: 0.001
value of a: حيد
value of a: 0.001
value of a: هادو
value of a: 0.001
fields_new size : 14
value of a: ملاح
value of a: 0.999
value of a: mlah
value of a: 0.001
value of a: مليح
value of a: 0.001
value of a: مليه
value of a: 0.001
value of a: ملاه
value of a: 0.001
value of a: ملة
value of a: 0.001
value of a: ملح
value of a: 0.001
fields_new size : 2
value of a: renault
value of a: 0.001
fields_new size : 26
value of a: dacia
value of a: 0.001
value of a: ديك
value of a: 0.001
value of a: دكا
value of a: 0.001
value of a: دكه
value of a: 0.001
value of a: ديكى
value of a: 0.001
value of a: ديكا
value of a: 0.001
value of a: ديكي
value of a: 0.001
value of a: داك
value of a: 0.001
value of a: ديكة
value of a: 0.001
value of a: داكا
value of a: 0.001
value of a: داكى
value of a: 0.001
value of a: دكة
value of a: 0.001
value of a: دك
value of a: 0.001
fields_new size : 16
value of a: خويا
value of a: 0.999
value of a: khoya
value of a: 0.001
value of a: خوية
value of a: 0.001
value of a: خي
value of a: 0.001
value of a: خوي
value of a: 0.001
value of a: خى
value of a: 0.001
value of a: خوى
value of a: 0.001
value of a: كهيا
value of a: 0.001
fields_new size : 6
value of a: bghit
value of a: 0.001
value of a: بغيت
value of a: 0.001
value of a: بغت
value of a: 0.001
fields_new size : 76
value of a: لوغان
value of a: 0.999
value of a: logan
value of a: 0.001
value of a: لكان
value of a: 0.001
value of a: لغا
value of a: 0.001
value of a: لوكين
value of a: 0.001
value of a: لجن
value of a: 0.001
value of a: لوجا
value of a: 0.001
value of a: لوغين
value of a: 0.001
value of a: الكان
value of a: 0.001
value of a: القا
value of a: 0.001
value of a: الكا
value of a: 0.001
value of a: لقا
value of a: 0.001
value of a: لكين
value of a: 0.001
value of a: لجا
value of a: 0.001
value of a: لوكان
value of a: 0.001
value of a: الغان
value of a: 0.001
value of a: يلجين
value of a: 0.001
value of a: لجين
value of a: 0.001
value of a: لجان
value of a: 0.001
value of a: الغن
value of a: 0.001
value of a: يلقين
value of a: 0.001
value of a: لقن
value of a: 0.001
value of a: لقين
value of a: 0.001
value of a: الجان
value of a: 0.001
value of a: الجا
value of a: 0.001
value of a: القين
value of a: 0.001
value of a: الجين
value of a: 0.001
value of a: يلجا
value of a: 0.001
value of a: يلجان
value of a: 0.001
value of a: لوقا
value of a: 0.001
value of a: لوجان
value of a: 0.001
value of a: الكهن
value of a: 0.001
value of a: لكةن
value of a: 0.001
value of a: الجن
value of a: 0.001
value of a: لكن
value of a: 0.001
value of a: لوكا
value of a: 0.001
value of a: يلقن
value of a: 0.001
value of a: القن
value of a: 0.001
fields_new size : 36
value of a: 2
value of a: 0.001
value of a: ق
value of a: 0.001
value of a: 2
value of a: 0.001
value of a: ا
value of a: 0.001
value of a: 2
value of a: 0.001
value of a: إ
value of a: 0.001
value of a: 2
value of a: 0.001
value of a: ؤ
value of a: 0.001
value of a: 2
value of a: 0.001
value of a: ئ
value of a: 0.001
value of a: 2
value of a: 0.001
value of a: 2
value of a: 0.001
value of a: ء
value of a: 0.001
value of a: 2
value of a: 0.001
value of a: آ
value of a: 0.001
value of a: 2
value of a: 0.001
value of a: أ
value of a: 0.001
value of a: 2
value of a: 0.001
fields_new size : 26
value of a: إذا
value of a: 0.999
value of a: ila
value of a: 0.001
value of a: لة
value of a: 0.001
value of a: ل
value of a: 0.001
value of a: يلا
value of a: 0.001
value of a: يل
value of a: 0.001
value of a: يلى
value of a: 0.001
value of a: لي
value of a: 0.001
value of a: لا
value of a: 0.001
value of a: لى
value of a: 0.001
value of a: يلي
value of a: 0.001
value of a: يله
value of a: 0.001
value of a: له
value of a: 0.001
fields_new size : 10
value of a: الزين
value of a: 0.999
value of a: zin
value of a: 0.001
value of a: زن
value of a: 0.001
value of a: زين
value of a: 0.001
value of a: ظن
value of a: 0.001
fields_new size : 2
value of a: 19
value of a: 0.001
fields_new size : 24
value of a: ناقصة
value of a: 0.999
value of a: na9sa
value of a: 0.001
value of a: ناقص
value of a: 0.001
value of a: ناقصا
value of a: 0.001
value of a: نقصى
value of a: 0.001
value of a: نقصي
value of a: 0.001
value of a: ناقصى
value of a: 0.001
value of a: نقصا
value of a: 0.001
value of a: نقصة
value of a: 0.001
value of a: ناقصه
value of a: 0.001
value of a: نقس
value of a: 0.001
value of a: نقص
value of a: 0.001
fields_new size : 8
value of a: المهم
value of a: 0.999
value of a: mohim
value of a: 0.001
value of a: مهم
value of a: 0.001
value of a: محم
value of a: 0.001
fields_new size : 8
value of a: zid
value of a: 0.001
value of a: زيد
value of a: 0.001
value of a: ذد
value of a: 0.001
value of a: زد
value of a: 0.001
fields_new size : 20
value of a: والديك
value of a: 0.999
value of a: walidik
value of a: 0.001
value of a: ليديك
value of a: 0.001
value of a: لديك
value of a: 0.001
value of a: ولديك
value of a: 0.001
value of a: ولدك
value of a: 0.001
value of a: الدك
value of a: 0.001
value of a: لدك
value of a: 0.001
value of a: الديك
value of a: 0.001
value of a: والدك
value of a: 0.001
fields_new size : 70
value of a: والدينا
value of a: 0.999
value of a: walidina
value of a: 0.001
value of a: الدين
value of a: 0.001
value of a: الديني
value of a: 0.001
value of a: والدن
value of a: 0.001
value of a: لدينه
value of a: 0.001
value of a: الدينة
value of a: 0.001
value of a: ليدين
value of a: 0.001
value of a: لدينى
value of a: 0.001
value of a: يلدن
value of a: 0.001
value of a: ولدنا
value of a: 0.001
value of a: ليدن
value of a: 0.001
value of a: والدينى
value of a: 0.001
value of a: واليدين
value of a: 0.001
value of a: الدنا
value of a: 0.001
value of a: ولدينه
value of a: 0.001
value of a: والديني
value of a: 0.001
value of a: الدينى
value of a: 0.001
value of a: والدنا
value of a: 0.001
value of a: الضنى
value of a: 0.001
value of a: الدينا
value of a: 0.001
value of a: لديني
value of a: 0.001
value of a: لدين
value of a: 0.001
value of a: والدين
value of a: 0.001
value of a: الدن
value of a: 0.001
value of a: ولدين
value of a: 0.001
value of a: ويلدن
value of a: 0.001
value of a: الدني
value of a: 0.001
value of a: اليدين
value of a: 0.001
value of a: ولدن
value of a: 0.001
value of a: لدن
value of a: 0.001
value of a: لدينا
value of a: 0.001
value of a: هلدن
value of a: 0.001
value of a: ولدينا
value of a: 0.001
value of a: وليدين
value of a: 0.001
fields_new size : 4
value of a: f
value of a: 0.001
value of a: ف
value of a: 0.001
fields_new size : 12
value of a: golf
value of a: 0.001
value of a: كلف
value of a: 0.001
value of a: جولف
value of a: 0.001
value of a: جلف
value of a: 0.001
value of a: غلف
value of a: 0.001
value of a: غولف
value of a: 0.001
