--
BACKOFF:0
PROBNEW:0.999
PROBMAP:0.001
--
nb word mismatch at line 54. Skipping
nb word mismatch at line 68. Skipping
nb word mismatch at line 87. Skipping
nb word mismatch at line 135. Skipping
nb word mismatch at line 138. Skipping
nb word mismatch at line 151. Skipping
nb word mismatch at line 164. Skipping
nb word mismatch at line 179. Skipping
nb word mismatch at line 185. Skipping
nb word mismatch at line 190. Skipping
nb word mismatch at line 197. Skipping
nb word mismatch at line 206. Skipping
nb word mismatch at line 213. Skipping
nb word mismatch at line 217. Skipping
nb word mismatch at line 234. Skipping
nb word mismatch at line 246. Skipping
nb word mismatch at line 248. Skipping
nb word mismatch at line 265. Skipping
nb word mismatch at line 266. Skipping
nb word mismatch at line 267. Skipping
nb word mismatch at line 270. Skipping
nb word mismatch at line 272. Skipping
nb word mismatch at line 280. Skipping
nb word mismatch at line 282. Skipping
nb word mismatch at line 308. Skipping
nb word mismatch at line 321. Skipping
nb word mismatch at line 327. Skipping
nb word mismatch at line 331. Skipping
nb word mismatch at line 348. Skipping
nb word mismatch at line 363. Skipping
nb word mismatch at line 372. Skipping
nb word mismatch at line 399. Skipping
nb word mismatch at line 426. Skipping
nb word mismatch at line 431. Skipping
nb word mismatch at line 435. Skipping
nb word mismatch at line 459. Skipping
nb word mismatch at line 491. Skipping
nb word mismatch at line 496. Skipping
nb word mismatch at line 503. Skipping
nb word mismatch at line 504. Skipping
nb word mismatch at line 505. Skipping
nb word mismatch at line 507. Skipping
nb word mismatch at line 521. Skipping
nb word mismatch at line 522. Skipping
nb word mismatch at line 523. Skipping
nb word mismatch at line 532. Skipping
nb word mismatch at line 538. Skipping
nb word mismatch at line 544. Skipping
nb word mismatch at line 558. Skipping
nb word mismatch at line 560. Skipping
nb word mismatch at line 572. Skipping
nb word mismatch at line 586. Skipping
nb word mismatch at line 593. Skipping
nb word mismatch at line 595. Skipping
nb word mismatch at line 602. Skipping
nb word mismatch at line 606. Skipping
nb word mismatch at line 608. Skipping
nb word mismatch at line 626. Skipping
nb word mismatch at line 642. Skipping
nb word mismatch at line 643. Skipping
nb word mismatch at line 647. Skipping
nb word mismatch at line 678. Skipping
nb word mismatch at line 679. Skipping
nb word mismatch at line 680. Skipping
nb word mismatch at line 689. Skipping
nb word mismatch at line 699. Skipping
nb word mismatch at line 707. Skipping
nb word mismatch at line 709. Skipping
nb word mismatch at line 718. Skipping
nb word mismatch at line 720. Skipping
nb word mismatch at line 735. Skipping
nb word mismatch at line 740. Skipping
nb word mismatch at line 747. Skipping
nb word mismatch at line 750. Skipping
nb word mismatch at line 751. Skipping
nb word mismatch at line 752. Skipping
nb word mismatch at line 753. Skipping
nb word mismatch at line 760. Skipping
nb word mismatch at line 767. Skipping
nb word mismatch at line 768. Skipping
nb word mismatch at line 778. Skipping
nb word mismatch at line 787. Skipping
nb word mismatch at line 799. Skipping
nb word mismatch at line 831. Skipping
nb word mismatch at line 834. Skipping
nb word mismatch at line 837. Skipping
nb word mismatch at line 839. Skipping
nb word mismatch at line 853. Skipping
nb word mismatch at line 856. Skipping
nb word mismatch at line 857. Skipping
nb word mismatch at line 861. Skipping
nb word mismatch at line 871. Skipping
nb word mismatch at line 891. Skipping
nb word mismatch at line 894. Skipping
nb word mismatch at line 924. Skipping
nb word mismatch at line 929. Skipping
nb word mismatch at line 936. Skipping
nb word mismatch at line 939. Skipping
nb word mismatch at line 941. Skipping
nb word mismatch at line 942. Skipping
nb word mismatch at line 957. Skipping
nb word mismatch at line 958. Skipping
nb word mismatch at line 959. Skipping
nb word mismatch at line 969. Skipping
nb word mismatch at line 971. Skipping
nb word mismatch at line 973. Skipping
nb word mismatch at line 974. Skipping
nb word mismatch at line 976. Skipping
nb word mismatch at line 982. Skipping
nb word mismatch at line 985. Skipping
nb word mismatch at line 1013. Skipping
nb word mismatch at line 1016. Skipping
nb word mismatch at line 1018. Skipping
nb word mismatch at line 1020. Skipping
nb word mismatch at line 1045. Skipping
nb word mismatch at line 1046. Skipping
nb word mismatch at line 1047. Skipping
nb word mismatch at line 1052. Skipping
nb word mismatch at line 1060. Skipping
nb word mismatch at line 1069. Skipping
nb word mismatch at line 1072. Skipping
nb word mismatch at line 1074. Skipping
nb word mismatch at line 1082. Skipping
nb word mismatch at line 1083. Skipping
nb word mismatch at line 1084. Skipping
nb word mismatch at line 1094. Skipping
nb word mismatch at line 1111. Skipping
nb word mismatch at line 1134. Skipping
nb word mismatch at line 1150. Skipping
nb word mismatch at line 1152. Skipping
nb word mismatch at line 1157. Skipping
nb word mismatch at line 1161. Skipping
nb word mismatch at line 1162. Skipping
nb word mismatch at line 1166. Skipping
nb word mismatch at line 1181. Skipping
nb word mismatch at line 1190. Skipping
nb word mismatch at line 1194. Skipping
nb word mismatch at line 1198. Skipping
nb word mismatch at line 1208. Skipping
nb word mismatch at line 1212. Skipping
nb word mismatch at line 1226. Skipping
nb word mismatch at line 1227. Skipping
nb word mismatch at line 1238. Skipping
nb word mismatch at line 1239. Skipping
nb word mismatch at line 1244. Skipping
nb word mismatch at line 1246. Skipping
nb word mismatch at line 1259. Skipping
nb word mismatch at line 1276. Skipping
nb word mismatch at line 1278. Skipping
nb word mismatch at line 1295. Skipping
nb word mismatch at line 1300. Skipping
nb word mismatch at line 1311. Skipping
nb word mismatch at line 1327. Skipping
nb word mismatch at line 1330. Skipping
nb word mismatch at line 1331. Skipping
nb word mismatch at line 1355. Skipping
nb word mismatch at line 1358. Skipping
nb word mismatch at line 1359. Skipping
nb word mismatch at line 1364. Skipping
nb word mismatch at line 1377. Skipping
nb word mismatch at line 1418. Skipping
nb word mismatch at line 1430. Skipping
nb word mismatch at line 1435. Skipping
nb word mismatch at line 1441. Skipping
nb word mismatch at line 1469. Skipping
nb word mismatch at line 1477. Skipping
nb word mismatch at line 1480. Skipping
nb word mismatch at line 1498. Skipping
nb word mismatch at line 1500. Skipping
nb word mismatch at line 1520. Skipping
nb word mismatch at line 1560. Skipping
nb word mismatch at line 1638. Skipping
nb word mismatch at line 1642. Skipping
nb word mismatch at line 1647. Skipping
nb word mismatch at line 1659. Skipping
nb word mismatch at line 1661. Skipping
nb word mismatch at line 1669. Skipping
nb word mismatch at line 1685. Skipping
nb word mismatch at line 1687. Skipping
nb word mismatch at line 1703. Skipping
nb word mismatch at line 1714. Skipping
nb word mismatch at line 1719. Skipping
nb word mismatch at line 1725. Skipping
nb word mismatch at line 1726. Skipping
nb word mismatch at line 1740. Skipping
nb word mismatch at line 1744. Skipping
nb word mismatch at line 1750. Skipping
nb word mismatch at line 1751. Skipping
nb word mismatch at line 1757. Skipping
nb word mismatch at line 1761. Skipping
nb word mismatch at line 1784. Skipping
nb word mismatch at line 1792. Skipping
nb word mismatch at line 1816. Skipping
nb word mismatch at line 1840. Skipping
nb word mismatch at line 1851. Skipping
nb word mismatch at line 1868. Skipping
nb word mismatch at line 1878. Skipping
nb word mismatch at line 1887. Skipping
nb word mismatch at line 1888. Skipping
nb word mismatch at line 1892. Skipping
nb word mismatch at line 1916. Skipping
nb word mismatch at line 1935. Skipping
nb word mismatch at line 1939. Skipping
nb word mismatch at line 1976. Skipping
nb word mismatch at line 2004. Skipping
nb word mismatch at line 2041. Skipping
nb word mismatch at line 2047. Skipping
nb word mismatch at line 2048. Skipping
nb word mismatch at line 2059. Skipping
nb word mismatch at line 2063. Skipping
nb word mismatch at line 2102. Skipping
nb word mismatch at line 2125. Skipping
nb word mismatch at line 2129. Skipping
nb word mismatch at line 2137. Skipping
nb word mismatch at line 2140. Skipping
nb word mismatch at line 2143. Skipping
nb word mismatch at line 2152. Skipping
nb word mismatch at line 2176. Skipping
nb word mismatch at line 2189. Skipping
nb word mismatch at line 2232. Skipping
nb word mismatch at line 2233. Skipping
nb word mismatch at line 2236. Skipping
nb word mismatch at line 2239. Skipping
nb word mismatch at line 2248. Skipping
nb word mismatch at line 2254. Skipping
nb word mismatch at line 2258. Skipping
nb word mismatch at line 2332. Skipping
nb word mismatch at line 2334. Skipping
nb word mismatch at line 2338. Skipping
nb word mismatch at line 2350. Skipping
nb word mismatch at line 2367. Skipping
nb word mismatch at line 2409. Skipping
nb word mismatch at line 2419. Skipping
nb word mismatch at line 2435. Skipping
nb word mismatch at line 2439. Skipping
nb word mismatch at line 2445. Skipping
nb word mismatch at line 2492. Skipping
nb word mismatch at line 2493. Skipping
nb word mismatch at line 2512. Skipping
nb word mismatch at line 2524. Skipping
nb word mismatch at line 2535. Skipping
nb word mismatch at line 2553. Skipping
nb word mismatch at line 2595. Skipping
nb word mismatch at line 2598. Skipping
nb word mismatch at line 2599. Skipping
nb word mismatch at line 2607. Skipping
nb word mismatch at line 2608. Skipping
nb word mismatch at line 2628. Skipping
nb word mismatch at line 2638. Skipping
nb word mismatch at line 2657. Skipping
nb word mismatch at line 2659. Skipping
nb word mismatch at line 2691. Skipping
nb word mismatch at line 2719. Skipping
nb word mismatch at line 2731. Skipping
nb word mismatch at line 2746. Skipping
nb word mismatch at line 2763. Skipping
nb word mismatch at line 2778. Skipping
nb word mismatch at line 2801. Skipping
nb word mismatch at line 2808. Skipping
nb word mismatch at line 2834. Skipping
nb word mismatch at line 2836. Skipping
nb word mismatch at line 2874. Skipping
nb word mismatch at line 2894. Skipping
nb word mismatch at line 2903. Skipping
nb word mismatch at line 2940. Skipping
nb word mismatch at line 2944. Skipping
nb word mismatch at line 2946. Skipping
nb word mismatch at line 2952. Skipping
nb word mismatch at line 2976. Skipping
nb word mismatch at line 2985. Skipping
nb word mismatch at line 3007. Skipping
nb word mismatch at line 3031. Skipping
nb word mismatch at line 3032. Skipping
nb word mismatch at line 3096. Skipping
nb word mismatch at line 3099. Skipping
nb word mismatch at line 3156. Skipping
nb word mismatch at line 3168. Skipping
nb word mismatch at line 3173. Skipping
nb word mismatch at line 3187. Skipping
nb word mismatch at line 3206. Skipping
nb word mismatch at line 3221. Skipping
nb word mismatch at line 3239. Skipping
nb word mismatch at line 3262. Skipping
nb word mismatch at line 3265. Skipping
nb word mismatch at line 3278. Skipping
nb word mismatch at line 3308. Skipping
nb word mismatch at line 3314. Skipping
nb word mismatch at line 3365. Skipping
nb word mismatch at line 3367. Skipping
nb word mismatch at line 3380. Skipping
nb word mismatch at line 3384. Skipping
nb word mismatch at line 3398. Skipping
nb word mismatch at line 3402. Skipping
nb word mismatch at line 3418. Skipping
nb word mismatch at line 3423. Skipping
nb word mismatch at line 3448. Skipping
nb word mismatch at line 3490. Skipping
nb word mismatch at line 3534. Skipping
nb word mismatch at line 3542. Skipping
nb word mismatch at line 3555. Skipping
nb word mismatch at line 3557. Skipping
nb word mismatch at line 3586. Skipping
nb word mismatch at line 3590. Skipping
nb word mismatch at line 3613. Skipping
nb word mismatch at line 3618. Skipping
nb word mismatch at line 3620. Skipping
nb word mismatch at line 3627. Skipping
nb word mismatch at line 3629. Skipping
nb word mismatch at line 3637. Skipping
nb word mismatch at line 3642. Skipping
nb word mismatch at line 3646. Skipping
nb word mismatch at line 3692. Skipping
nb word mismatch at line 3718. Skipping
nb word mismatch at line 3768. Skipping
nb word mismatch at line 3783. Skipping
nb word mismatch at line 3789. Skipping
nb word mismatch at line 3805. Skipping
nb word mismatch at line 3806. Skipping
nb word mismatch at line 3809. Skipping
nb word mismatch at line 3826. Skipping
nb word mismatch at line 3831. Skipping
nb word mismatch at line 3835. Skipping
nb word mismatch at line 3836. Skipping
nb word mismatch at line 3840. Skipping
nb word mismatch at line 3865. Skipping
nb word mismatch at line 3880. Skipping
nb word mismatch at line 3900. Skipping
nb word mismatch at line 3901. Skipping
nb word mismatch at line 3914. Skipping
nb word mismatch at line 3946. Skipping
nb word mismatch at line 3947. Skipping
nb word mismatch at line 3949. Skipping
nb word mismatch at line 3965. Skipping
nb word mismatch at line 4018. Skipping
nb word mismatch at line 4078. Skipping
nb word mismatch at line 4081. Skipping
nb word mismatch at line 4112. Skipping
nb word mismatch at line 4134. Skipping
nb word mismatch at line 4153. Skipping
nb word mismatch at line 4162. Skipping
nb word mismatch at line 4173. Skipping
nb word mismatch at line 4177. Skipping
nb word mismatch at line 4207. Skipping
nb word mismatch at line 4212. Skipping
nb word mismatch at line 4220. Skipping
nb word mismatch at line 4234. Skipping
nb word mismatch at line 4236. Skipping
nb word mismatch at line 4240. Skipping
nb word mismatch at line 4245. Skipping
nb word mismatch at line 4293. Skipping
nb word mismatch at line 4297. Skipping
nb word mismatch at line 4313. Skipping
nb word mismatch at line 4329. Skipping
nb word mismatch at line 4331. Skipping
nb word mismatch at line 4332. Skipping
nb word mismatch at line 4336. Skipping
nb word mismatch at line 4374. Skipping
nb word mismatch at line 4384. Skipping
nb word mismatch at line 4403. Skipping
nb word mismatch at line 4433. Skipping
nb word mismatch at line 4435. Skipping
nb word mismatch at line 4442. Skipping
nb word mismatch at line 4446. Skipping
nb word mismatch at line 4488. Skipping
nb word mismatch at line 4509. Skipping
nb word mismatch at line 4536. Skipping
nb word mismatch at line 4612. Skipping
nb word mismatch at line 4620. Skipping
nb word mismatch at line 4697. Skipping
nb word mismatch at line 4705. Skipping
nb word mismatch at line 4713. Skipping
nb word mismatch at line 4727. Skipping
nb word mismatch at line 4769. Skipping
nb word mismatch at line 4794. Skipping
nb word mismatch at line 4798. Skipping
nb word mismatch at line 4799. Skipping
nb word mismatch at line 4806. Skipping
nb word mismatch at line 4817. Skipping
nb word mismatch at line 4841. Skipping
nb word mismatch at line 4847. Skipping
nb word mismatch at line 4873. Skipping
nb word mismatch at line 4884. Skipping
nb word mismatch at line 4890. Skipping
nb word mismatch at line 4896. Skipping
nb word mismatch at line 4902. Skipping
nb word mismatch at line 4903. Skipping
nb word mismatch at line 4907. Skipping
nb word mismatch at line 4927. Skipping
nb word mismatch at line 4933. Skipping
nb word mismatch at line 4943. Skipping
nb word mismatch at line 4951. Skipping
nb word mismatch at line 4952. Skipping
nb word mismatch at line 4966. Skipping
nb word mismatch at line 4973. Skipping
nb word mismatch at line 4979. Skipping
nb word mismatch at line 4993. Skipping
nb word mismatch at line 5003. Skipping
nb word mismatch at line 5013. Skipping
nb word mismatch at line 5018. Skipping
nb word mismatch at line 5024. Skipping
nb word mismatch at line 5035. Skipping
nb word mismatch at line 5042. Skipping
nb word mismatch at line 5043. Skipping
nb word mismatch at line 5149. Skipping
nb word mismatch at line 5154. Skipping
nb word mismatch at line 5165. Skipping
nb word mismatch at line 5171. Skipping
nb word mismatch at line 5182. Skipping
nb word mismatch at line 5212. Skipping
nb word mismatch at line 5269. Skipping
nb word mismatch at line 5274. Skipping
nb word mismatch at line 5288. Skipping
nb word mismatch at line 5297. Skipping
nb word mismatch at line 5423. Skipping
nb word mismatch at line 5434. Skipping
nb word mismatch at line 5457. Skipping
nb word mismatch at line 5458. Skipping
nb word mismatch at line 5471. Skipping
nb word mismatch at line 5503. Skipping
nb word mismatch at line 5505. Skipping
nb word mismatch at line 5512. Skipping
nb word mismatch at line 5557. Skipping
nb word mismatch at line 5579. Skipping
nb word mismatch at line 5624. Skipping
nb word mismatch at line 5625. Skipping
nb word mismatch at line 5714. Skipping
nb word mismatch at line 5769. Skipping
nb word mismatch at line 5779. Skipping
nb word mismatch at line 5817. Skipping
nb word mismatch at line 5843. Skipping
nb word mismatch at line 5902. Skipping
nb word mismatch at line 5905. Skipping
nb word mismatch at line 5922. Skipping
nb word mismatch at line 5985. Skipping
nb word mismatch at line 6020. Skipping
nb word mismatch at line 6049. Skipping
nb word mismatch at line 6052. Skipping
nb word mismatch at line 6088. Skipping
nb word mismatch at line 6091. Skipping
nb word mismatch at line 6143. Skipping
nb word mismatch at line 6167. Skipping
nb word mismatch at line 6169. Skipping
nb word mismatch at line 6182. Skipping
nb word mismatch at line 6217. Skipping
nb word mismatch at line 6242. Skipping
nb word mismatch at line 6280. Skipping
nb word mismatch at line 6286. Skipping
nb word mismatch at line 6339. Skipping
nb word mismatch at line 6345. Skipping
nb word mismatch at line 6424. Skipping
nb word mismatch at line 6448. Skipping
nb word mismatch at line 6589. Skipping
nb word mismatch at line 6645. Skipping
nb word mismatch at line 6672. Skipping
nb word mismatch at line 6727. Skipping
nb word mismatch at line 6750. Skipping
nb word mismatch at line 6792. Skipping
nb word mismatch at line 6824. Skipping
nb word mismatch at line 6835. Skipping
nb word mismatch at line 6852. Skipping
nb word mismatch at line 6893. Skipping
nb word mismatch at line 6903. Skipping
nb word mismatch at line 6910. Skipping
nb word mismatch at line 6922. Skipping
nb word mismatch at line 6960. Skipping
nb word mismatch at line 6965. Skipping
nb word mismatch at line 6976. Skipping
nb word mismatch at line 6977. Skipping
nb word mismatch at line 7018. Skipping
nb word mismatch at line 7092. Skipping
nb word mismatch at line 7121. Skipping
nb word mismatch at line 7124. Skipping
nb word mismatch at line 7125. Skipping
nb word mismatch at line 7129. Skipping
nb word mismatch at line 7152. Skipping
nb word mismatch at line 7160. Skipping
nb word mismatch at line 7161. Skipping
nb word mismatch at line 7169. Skipping
nb word mismatch at line 7175. Skipping
nb word mismatch at line 7207. Skipping
nb word mismatch at line 7227. Skipping
nb word mismatch at line 7301. Skipping
nb word mismatch at line 7319. Skipping
nb word mismatch at line 7378. Skipping
nb word mismatch at line 7384. Skipping
nb word mismatch at line 7392. Skipping
nb word mismatch at line 7422. Skipping
nb word mismatch at line 7446. Skipping
nb word mismatch at line 7452. Skipping
nb word mismatch at line 7490. Skipping
nb word mismatch at line 7514. Skipping
nb word mismatch at line 7535. Skipping
nb word mismatch at line 7571. Skipping
nb word mismatch at line 7573. Skipping
nb word mismatch at line 7577. Skipping
nb word mismatch at line 7593. Skipping
nb word mismatch at line 7602. Skipping
nb word mismatch at line 7632. Skipping
nb word mismatch at line 7637. Skipping
nb word mismatch at line 7638. Skipping
nb word mismatch at line 7667. Skipping
nb word mismatch at line 7727. Skipping
nb word mismatch at line 7755. Skipping
nb word mismatch at line 7760. Skipping
nb word mismatch at line 7761. Skipping
nb word mismatch at line 7852. Skipping
nb word mismatch at line 7875. Skipping
nb word mismatch at line 7948. Skipping
nb word mismatch at line 7957. Skipping
nb word mismatch at line 7968. Skipping
nb word mismatch at line 7998. Skipping
nb word mismatch at line 8001. Skipping
nb word mismatch at line 8008. Skipping
nb word mismatch at line 8071. Skipping
nb word mismatch at line 8087. Skipping
nb word mismatch at line 8091. Skipping
nb word mismatch at line 8130. Skipping
nb word mismatch at line 8139. Skipping
nb word mismatch at line 8144. Skipping
nb word mismatch at line 8168. Skipping
nb word mismatch at line 8187. Skipping
nb word mismatch at line 8215. Skipping
nb word mismatch at line 8286. Skipping
nb word mismatch at line 8313. Skipping
nb word mismatch at line 8336. Skipping
nb word mismatch at line 8385. Skipping
nb word mismatch at line 8390. Skipping
nb word mismatch at line 8458. Skipping
nb word mismatch at line 8465. Skipping
nb word mismatch at line 8490. Skipping
nb word mismatch at line 8492. Skipping
nb word mismatch at line 8518. Skipping
nb word mismatch at line 8527. Skipping
nb word mismatch at line 8531. Skipping
nb word mismatch at line 8548. Skipping
nb word mismatch at line 8550. Skipping
nb word mismatch at line 8568. Skipping
nb word mismatch at line 8578. Skipping
nb word mismatch at line 8585. Skipping
nb word mismatch at line 8618. Skipping
nb word mismatch at line 8720. Skipping
nb word mismatch at line 8743. Skipping
nb word mismatch at line 8863. Skipping
nb word mismatch at line 8900. Skipping
nb word mismatch at line 8922. Skipping
nb word mismatch at line 8930. Skipping
nb word mismatch at line 8936. Skipping
nb word mismatch at line 8975. Skipping
nb word mismatch at line 8984. Skipping
nb word mismatch at line 8990. Skipping
nb word mismatch at line 8992. Skipping
nb word mismatch at line 8997. Skipping
